# JRE version: OpenJDK Runtime Environment (25.0+36) (build 25+36-3489)
# Java VM: OpenJDK 64-Bit Server VM (25+36-3489, mixed mode, sharing, tiered, compressed oops, compressed class ptrs, g1 gc, windows-amd64)
GC Precious Log:
 CardTable entry size: 512
 Card Set container configuration: InlinePtr #cards 4 size 8 Array Of Cards #cards 32 size 80 Howl #buckets 8 coarsen threshold 7372 Howl Bitmap #cards 1024 size 144 coarsen threshold 921 Card regions per heap region 1 cards per card region 8192
 CPUs: 12 total, 12 available
 Memory: 31894M
 Large Page Support: Disabled
 NUMA Support: Disabled
 Compressed Oops: Enabled (Zero based)
 Heap Region Size: 4M
 Heap Min Capacity: 8M
 Heap Initial Capacity: 500M
 Heap Max Capacity: 7976M
 Pre-touch: Disabled
 Parallel Workers: 10
 Concurrent Workers: 3
 Concurrent Refinement Workers: 10
 Periodic GC: Disabled
Heap:
 garbage-first heap   total reserved 8167424K, committed 53248K, used 17805K [0x000000060d800000, 0x0000000800000000)
  region size 4096K, 4 young (16384K), 1 survivors (4096K)
GC Heap Usage History (8 events):
Event: 0.585 {heap Before GC invocations=0 (full 0):
 garbage-first heap   total reserved 8167424K, committed 516096K, used 46227K [0x000000060d800000, 0x0000000800000000)
  region size 4096K, 12 young (49152K), 0 survivors (0K)
}
Event: 0.587 {heap After GC invocations=1 (full 0):
 garbage-first heap   total reserved 8167424K, committed 516096K, used 7617K [0x000000060d800000, 0x0000000800000000)
  region size 4096K, 2 young (8192K), 2 survivors (8192K)
}
Event: 0.832 {heap Before GC invocations=1 (full 0):
 garbage-first heap   total reserved 8167424K, committed 516096K, used 24001K [0x000000060d800000, 0x0000000800000000)
  region size 4096K, 7 young (28672K), 2 survivors (8192K)
}
Event: 0.834 {heap After GC invocations=2 (full 0):
 garbage-first heap   total reserved 8167424K, committed 516096K, used 8972K [0x000000060d800000, 0x0000000800000000)
  region size 4096K, 2 young (8192K), 2 survivors (8192K)
}
Event: 1.566 {heap Before GC invocations=3 (full 0):
 garbage-first heap   total reserved 8167424K, committed 40960K, used 37644K [0x000000060d800000, 0x0000000800000000)
  region size 4096K, 9 young (36864K), 2 survivors (8192K)
}
Event: 1.569 {heap After GC invocations=4 (full 0):
 garbage-first heap   total reserved 8167424K, committed 53248K, used 9755K [0x000000060d800000, 0x0000000800000000)
  region size 4096K, 3 young (12288K), 3 survivors (12288K)
}
Event: 3.557 {heap Before GC invocations=4 (full 0):
 garbage-first heap   total reserved 8167424K, committed 53248K, used 26139K [0x000000060d800000, 0x0000000800000000)
  region size 4096K, 7 young (28672K), 3 survivors (12288K)
}
Event: 3.560 {heap After GC invocations=5 (full 0):
 garbage-first heap   total reserved 8167424K, committed 53248K, used 9613K [0x000000060d800000, 0x0000000800000000)
  region size 4096K, 1 young (4096K), 1 survivors (4096K)
}

